<?xml version="1.0" encoding="UTF-8"?>
<!-- Generated by org.testng.reporters.JUnitReportReporter -->
<testsuite hostname="animishr-WS" name="com.ds.sorting.QuickSortTestNg" tests="3" failures="0" timestamp="13 May 2014 02:09:49 GMT" time="0.130" errors="0">
  <testcase name="testQuickSort" time="0.000" classname="com.ds.sorting.QuickSortTestNg"/>
  <testcase name="testQuickSort" time="0.000" classname="com.ds.sorting.QuickSortTestNg"/>
  <testcase name="testQuickSort" time="0.130" classname="com.ds.sorting.QuickSortTestNg"/>
</testsuite> <!-- com.ds.sorting.QuickSortTestNg -->
